
> subliminal-design-system@0.1.0 build-storybook
> storybook build --output-dir=C:\Users\Dylan\AppData\Local\Temp\chromatic--5512-XjUZR4HfheC0

[1m@storybook/core v8.6.18
[22m
info => Cleaning outputDir: [36m..\..\..\..\..\AppData\Local\Temp\chromatic--5512-XjUZR4HfheC0[39m
info => Loading presets
info => Building manager..
info => Manager built ([38;2;181;126;229m128 ms[39m)
info => Building preview..
WARN No story files found for the specified pattern: [34msrc\**\*.mdx[39m
info Using tsconfig paths for react-docgen
[36mvite v6.4.1 [32mbuilding for production...[36m[39m
transforming...
[32m✓[39m 109 modules transformed.
rendering chunks...
computing gzip size...
[2m../../../../../AppData/Local/Temp/chromatic--5512-XjUZR4HfheC0/[22m[32miframe.html                               [39m[1m[2m 17.79 kB[22m[1m[22m[2m │ gzip:   5.00 kB[22m
[2m../../../../../AppData/Local/Temp/chromatic--5512-XjUZR4HfheC0/[22m[35massets/preview-Bw--0PNk.css               [39m[1m[2m 13.38 kB[22m[1m[22m[2m │ gzip:   1.30 kB[22m
[2m../../../../../AppData/Local/Temp/chromatic--5512-XjUZR4HfheC0/[22m[36massets/preview-BCG5bANl.js                [39m[1m[2m  0.11 kB[22m[1m[22m[2m │ gzip:   0.11 kB[22m
[2m../../../../../AppData/Local/Temp/chromatic--5512-XjUZR4HfheC0/[22m[36massets/preview-CvbIS5ZJ.js                [39m[1m[2m  0.18 kB[22m[1m[22m[2m │ gzip:   0.16 kB[22m
[2m../../../../../AppData/Local/Temp/chromatic--5512-XjUZR4HfheC0/[22m[36massets/index-DPxMBljR.js                  [39m[1m[2m  0.42 kB[22m[1m[22m[2m │ gzip:   0.27 kB[22m
[2m../../../../../AppData/Local/Temp/chromatic--5512-XjUZR4HfheC0/[22m[36massets/preview-DHQbi4pV.js                [39m[1m[2m  0.61 kB[22m[1m[22m[2m │ gzip:   0.42 kB[22m
[2m../../../../../AppData/Local/Temp/chromatic--5512-XjUZR4HfheC0/[22m[36massets/chunk-XP5HYGXS-BHXC9YeQ.js         [39m[1m[2m  0.71 kB[22m[1m[22m[2m │ gzip:   0.40 kB[22m
[2m../../../../../AppData/Local/Temp/chromatic--5512-XjUZR4HfheC0/[22m[36massets/preview-DGUiP6tS.js                [39m[1m[2m  0.71 kB[22m[1m[22m[2m │ gzip:   0.50 kB[22m
[2m../../../../../AppData/Local/Temp/chromatic--5512-XjUZR4HfheC0/[22m[36massets/jsx-runtime-D_zvdyIk.js            [39m[1m[2m  0.73 kB[22m[1m[22m[2m │ gzip:   0.46 kB[22m
[2m../../../../../AppData/Local/Temp/chromatic--5512-XjUZR4HfheC0/[22m[36massets/index-DrFu-skq.js                  [39m[1m[2m  0.77 kB[22m[1m[22m[2m │ gzip:   0.47 kB[22m
[2m../../../../../AppData/Local/Temp/chromatic--5512-XjUZR4HfheC0/[22m[36massets/react-18-C9BYEzby.js               [39m[1m[2m  0.77 kB[22m[1m[22m[2m │ gzip:   0.46 kB[22m
[2m../../../../../AppData/Local/Temp/chromatic--5512-XjUZR4HfheC0/[22m[36massets/Button.stories-1N79iZAa.js         [39m[1m[2m  0.79 kB[22m[1m[22m[2m │ gzip:   0.47 kB[22m
[2m../../../../../AppData/Local/Temp/chromatic--5512-XjUZR4HfheC0/[22m[36massets/preview-RsBTpc4j.js                [39m[1m[2m  0.87 kB[22m[1m[22m[2m │ gzip:   0.55 kB[22m
[2m../../../../../AppData/Local/Temp/chromatic--5512-XjUZR4HfheC0/[22m[36massets/test-utils-Bn3XvCmO.js             [39m[1m[2m  1.12 kB[22m[1m[22m[2m │ gzip:   0.69 kB[22m
[2m../../../../../AppData/Local/Temp/chromatic--5512-XjUZR4HfheC0/[22m[36massets/preview-DD_OYowb.js                [39m[1m[2m  3.51 kB[22m[1m[22m[2m │ gzip:   1.69 kB[22m
[2m../../../../../AppData/Local/Temp/chromatic--5512-XjUZR4HfheC0/[22m[36massets/preview-B8lJiyuQ.js                [39m[1m[2m  5.06 kB[22m[1m[22m[2m │ gzip:   1.88 kB[22m
[2m../../../../../AppData/Local/Temp/chromatic--5512-XjUZR4HfheC0/[22m[36massets/preview-BWzBA1C2.js                [39m[1m[2m  7.62 kB[22m[1m[22m[2m │ gzip:   1.56 kB[22m
[2m../../../../../AppData/Local/Temp/chromatic--5512-XjUZR4HfheC0/[22m[36massets/preview-BBWR9nbA.js                [39m[1m[2m  8.12 kB[22m[1m[22m[2m │ gzip:   3.10 kB[22m
[2m../../../../../AppData/Local/Temp/chromatic--5512-XjUZR4HfheC0/[22m[36massets/index-DTsPW8Rc.js                  [39m[1m[2m  8.40 kB[22m[1m[22m[2m │ gzip:   3.28 kB[22m
[2m../../../../../AppData/Local/Temp/chromatic--5512-XjUZR4HfheC0/[22m[36massets/Color-YHDXOIA2-C8Zug5D1.js         [39m[1m[2m 29.32 kB[22m[1m[22m[2m │ gzip:  11.04 kB[22m
[2m../../../../../AppData/Local/Temp/chromatic--5512-XjUZR4HfheC0/[22m[36massets/entry-preview-C9JZetd3.js          [39m[1m[2m 29.75 kB[22m[1m[22m[2m │ gzip:   9.52 kB[22m
[2m../../../../../AppData/Local/Temp/chromatic--5512-XjUZR4HfheC0/[22m[36massets/index-DgH-xKnr.js                  [39m[1m[2m 57.15 kB[22m[1m[22m[2m │ gzip:  16.28 kB[22m
[2m../../../../../AppData/Local/Temp/chromatic--5512-XjUZR4HfheC0/[22m[36massets/client-DB1LSikw.js                 [39m[1m[2m177.71 kB[22m[1m[22m[2m │ gzip:  55.93 kB[22m
[2m../../../../../AppData/Local/Temp/chromatic--5512-XjUZR4HfheC0/[22m[36massets/iframe-3vVpGD3n.js                 [39m[1m[2m211.99 kB[22m[1m[22m[2m │ gzip:  71.69 kB[22m
[2m../../../../../AppData/Local/Temp/chromatic--5512-XjUZR4HfheC0/[22m[36massets/entry-preview-docs-CwrLu9wE.js     [39m[1m[2m247.08 kB[22m[1m[22m[2m │ gzip:  73.42 kB[22m
[2m../../../../../AppData/Local/Temp/chromatic--5512-XjUZR4HfheC0/[22m[36massets/preview-VE445I9j.js                [39m[1m[33m660.73 kB[39m[22m[2m │ gzip: 156.59 kB[22m
[2m../../../../../AppData/Local/Temp/chromatic--5512-XjUZR4HfheC0/[22m[36massets/index-CH2Su9EI.js                  [39m[1m[33m662.49 kB[39m[22m[2m │ gzip: 157.07 kB[22m
[2m../../../../../AppData/Local/Temp/chromatic--5512-XjUZR4HfheC0/[22m[36massets/DocsRenderer-CFRXHY34-cfebtJ7c.js  [39m[1m[33m888.11 kB[39m[22m[2m │ gzip: 275.86 kB[22m
[32m✓ built in 3.38s[39m
info => Preview built ([38;2;181;126;229m4.13 s[39m)
info => Output directory: C:\Users\Dylan\AppData\Local\Temp\chromatic--5512-XjUZR4HfheC0
